*** Using Compiler 'V5.06 update 7 (build 960)', folder: 'D:\code\stm32\keil5\Core\ARM\ARMCC\Bin'
Build target 'Ano_Pioneer'
compiling User_Task_Schduler.c...
SRC\User\User_PID_XY.h(8): warning:  #1295-D: Deprecated declaration User_PID_XY_Init - give arg types
  void User_PID_XY_Init();
SRC\User\User_PID_YAW.h(13): warning:  #1295-D: Deprecated declaration User_PID_yaw_Init - give arg types
  void User_PID_yaw_Init();//请放在All_PID_Init里面
SRC\User\User_WayPoint_Control.h(15): warning:  #1295-D: Deprecated declaration Cal_WayPoint_Error - give arg types
  void Cal_WayPoint_Error();//计算xy误差，送入pid
SRC\User\User_WayPoint_Control.h(19): warning:  #1295-D: Deprecated declaration Correct_Location - give arg types
  void Correct_Location();
SRC\User\User_WayPoint_Control.h(24): warning:  #1-D: last line of file ends without a newline
  #endif
SRC\User\User_Car_Data.h(14): warning:  #1-D: last line of file ends without a newline
  #endif
SRC\User\User_Extend_Data.h(10): warning:  #1295-D: Deprecated declaration Beep - give arg types
  void Beep();
SRC\User\User_Extend_Data.h(11): warning:  #1295-D: Deprecated declaration Laser_Turn_On - give arg types
  void Laser_Turn_On();
SRC\User\User_Extend_Data.h(12): warning:  #1295-D: Deprecated declaration Start_Location - give arg types
  void Start_Location();
SRC\User\User_Extend_Data.h(13): warning:  #1295-D: Deprecated declaration Stop_Location - give arg types
  void Stop_Location();
SRC\User\User_Extend_Data.h(19): warning:  #1-D: last line of file ends without a newline
  #endif
SRC\User\User_Car_Data.h(14): warning:  #1-D: last line of file ends without a newline
  #endif
SRC\User\User_QR_Data.h(15): warning:  #1-D: last line of file ends without a newline
  #endif
SRC\User\User_Task_Schduler.c(15): warning:  #111-D: statement is unreachable
          break;
SRC\User\User_Task_Schduler.c(931): warning:  #1-D: last line of file ends without a newline
  }*/
SRC\User\User_Task_Schduler.c: 15 warnings, 0 errors
linking...
Program Size: Code=111188 RO-data=2316 RW-data=1404 ZI-data=15084  
FromELF: creating hex file...
After Build - User command #1: fromelf.exe --bin -o ./AnoPioneerPro.bin ./build/Ano_Pioneer.axf
".\build\ANO_Pioneer.axf" - 0 Error(s), 15 Warning(s).
Build Time Elapsed:  00:00:02
